This is e-pTeX, Version 3.14159265-p3.7-160201-2.6 (utf8.sjis) (TeX Live 2016/W32TeX) (preloaded format=platex 2017.4.4)  25 MAY 2018 10:12
entering extended mode
 restricted \write18 enabled.
 %&-line parsing enabled.
**./ieej-tec2.cls
(./ieej-tec2.cls
pLaTeX2e <2016/11/29> (based on LaTeX2e <2017/01/01> patch level 3)
Babel <3.9r> and hyphenation patterns for 83 language(s) loaded.

LaTeX Warning: You have requested package `',
               but the package provides `ieej-tec2'.

Package: ieej-tec2 2018/05/07 v2.2, modified by S.Miyoshi by using Okumura's `j
sarticle.cls'

! LaTeX Error: Missing \begin{document}.

See the LaTeX manual or LaTeX Companion for explanation.
Type  H <return>  for immediate help.
 ...                                              
                                                  
l.20 \newif\if@
               NTT
? 
! Emergency stop.
 ...                                              
                                                  
l.20 \newif\if@
               NTT
You're in trouble here.  Try typing  <return>  to proceed.
If that doesn't work, type  X <return>  to quit.

 
Here is how much of TeX's memory you used:
 9 strings out of 493683
 203 string characters out of 6152643
 54204 words of memory out of 5000000
 3674 multiletter control sequences out of 15000+600000
 7511 words of font info for 31 fonts, out of 8000000 for 9000
 929 hyphenation exceptions out of 8191
 7i,0n,5p,99b,14s stack positions out of 5000i,500n,10000p,200000b,80000s
No pages of output.
